2025-03-23 22:34:42,771 [INFO] Activator:176 - 


2025-03-23 22:34:42,771 [INFO] Activator:177 - !SESSION log4j initialized
2025-03-23 22:34:47,840 [INFO] LogOutputStream:77 - [STDOUT_REDIRECT] 
2025-03-23 22:34:50,740 [INFO] ApplicationProperties:184 - Using Application install path: C:\my app\STM32CubeIDE_1.16.0\STM32CubeIDE\plugins\com.st.stm32cube.common.mx_6.12.0.202406281431
2025-03-23 22:34:50,756 [INFO] DbMcusXml:78 - Set database path to: C:\my app\STM32CubeIDE_1.16.0\STM32CubeIDE\plugins\com.st.stm32cube.common.mx_6.12.0.202406281431\\db\/mcu/
2025-03-23 22:34:50,756 [INFO] ApiDb:274 - Set plugin database path to: C:\my app\STM32CubeIDE_1.16.0\STM32CubeIDE\plugins\com.st.stm32cube.common.mx_6.12.0.202406281431\\db\/plugins/boardmanager/
2025-03-23 22:34:50,756 [WARN] ApiDb:259 - Overriding images path with different value:  => C:\my app\STM32CubeIDE_1.16.0\STM32CubeIDE\plugins\com.st.stm32cube.common.mx_6.12.0.202406281431\\db\/plugins/mcufinder/images/
2025-03-23 22:34:50,766 [INFO] ApiDb:250 - Set database path to: C:\Users\Admin\.stmcufinder\plugins\mcufinder//mcu/
2025-03-23 22:34:50,768 [INFO] DbMcusAds:125 - Set database path to: C:\Users\Admin\.stmcufinder\plugins\mcufinder//mcu/
2025-03-23 22:34:50,770 [INFO] CrossReferenceDbSqlite:203 - Set database path to: C:\Users\Admin\.stmcufinder\plugins\mcufinder//mcu/cs/
2025-03-23 22:34:50,864 [INFO] RulesReader:64 - Compatibility file has been processed (297 Rules)
2025-03-23 22:34:50,921 [INFO] DbMcusXml:78 - Set database path to: C:\my app\STM32CubeIDE_1.16.0\STM32CubeIDE\plugins\com.st.stm32cube.common.mx_6.12.0.202406281431\\db\/mcu/
2025-03-23 22:34:50,921 [INFO] ApiDb:274 - Set plugin database path to: C:\my app\STM32CubeIDE_1.16.0\STM32CubeIDE\plugins\com.st.stm32cube.common.mx_6.12.0.202406281431\\db\/plugins/boardmanager/
2025-03-23 22:34:50,921 [INFO] ApiDb:261 - Set plugin images path to: C:\my app\STM32CubeIDE_1.16.0\STM32CubeIDE\plugins\com.st.stm32cube.common.mx_6.12.0.202406281431\\db\/plugins/mcufinder/images/
2025-03-23 22:34:50,921 [WARN] DbFile:41 - Overriding database path with different value: C:\Users\Admin\.stmcufinder\plugins\mcufinder/ => C:\Users\Admin\.stmcufinder\plugins\mcufinder
2025-03-23 22:34:50,921 [INFO] ApiDb:250 - Set database path to: C:\Users\Admin\.stmcufinder\plugins\mcufinder//mcu/
2025-03-23 22:34:50,921 [WARN] DbFile:41 - Overriding database path with different value: C:\Users\Admin\.stmcufinder\plugins\mcufinder/ => C:\Users\Admin\.stmcufinder\plugins\mcufinder
2025-03-23 22:34:50,921 [INFO] DbMcusAds:125 - Set database path to: C:\Users\Admin\.stmcufinder\plugins\mcufinder//mcu/
2025-03-23 22:34:50,921 [WARN] DbFile:41 - Overriding database path with different value: C:\Users\Admin\.stmcufinder\plugins\mcufinder/ => C:\Users\Admin\.stmcufinder\plugins\mcufinder
2025-03-23 22:34:50,922 [WARN] DbFile:41 - Overriding database path with different value: C:\Users\Admin\.stmcufinder\plugins\mcufinder/ => C:\Users\Admin\.stmcufinder\plugins\mcufinder
2025-03-23 22:34:50,922 [INFO] CrossReferenceDbSqlite:203 - Set database path to: C:\Users\Admin\.stmcufinder\plugins\mcufinder//mcu/cs/
2025-03-23 22:34:50,984 [INFO] MainPanel:268 - HeapMemory: 268435456
2025-03-23 22:34:51,066 [INFO] DbMcusXml:78 - Set database path to: C:\my app\STM32CubeIDE_1.16.0\STM32CubeIDE\plugins\com.st.stm32cube.common.mx_6.12.0.202406281431\\db\/mcu/
2025-03-23 22:34:51,066 [INFO] ApiDb:274 - Set plugin database path to: C:\my app\STM32CubeIDE_1.16.0\STM32CubeIDE\plugins\com.st.stm32cube.common.mx_6.12.0.202406281431\\db\/plugins/boardmanager/
2025-03-23 22:34:51,066 [INFO] ApiDb:261 - Set plugin images path to: C:\my app\STM32CubeIDE_1.16.0\STM32CubeIDE\plugins\com.st.stm32cube.common.mx_6.12.0.202406281431\\db\/plugins/mcufinder/images/
2025-03-23 22:34:51,066 [WARN] DbFile:41 - Overriding database path with different value: C:\Users\Admin\.stmcufinder\plugins\mcufinder/ => C:\Users\Admin\.stmcufinder\plugins\mcufinder
2025-03-23 22:34:51,066 [INFO] ApiDb:250 - Set database path to: C:\Users\Admin\.stmcufinder\plugins\mcufinder//mcu/
2025-03-23 22:34:51,066 [WARN] DbFile:41 - Overriding database path with different value: C:\Users\Admin\.stmcufinder\plugins\mcufinder/ => C:\Users\Admin\.stmcufinder\plugins\mcufinder
2025-03-23 22:34:51,066 [INFO] DbMcusAds:125 - Set database path to: C:\Users\Admin\.stmcufinder\plugins\mcufinder//mcu/
2025-03-23 22:34:51,066 [WARN] DbFile:41 - Overriding database path with different value: C:\Users\Admin\.stmcufinder\plugins\mcufinder/ => C:\Users\Admin\.stmcufinder\plugins\mcufinder
2025-03-23 22:34:51,066 [WARN] DbFile:41 - Overriding database path with different value: C:\Users\Admin\.stmcufinder\plugins\mcufinder/ => C:\Users\Admin\.stmcufinder\plugins\mcufinder
2025-03-23 22:34:51,067 [INFO] CrossReferenceDbSqlite:203 - Set database path to: C:\Users\Admin\.stmcufinder\plugins\mcufinder//mcu/cs/
2025-03-23 22:34:51,079 [INFO] ApplicationProperties:184 - Using Application install path: C:\my app\STM32CubeIDE_1.16.0\STM32CubeIDE\plugins\com.st.stm32cube.common.mx_6.12.0.202406281431
2025-03-23 22:34:51,080 [INFO] PluginManage:196 - Search for loadable plugins [exclusion list=, ]
2025-03-23 22:34:51,081 [INFO] PluginManage:310 - Check plugin analytics
2025-03-23 22:34:51,211 [INFO] AnalyticsPlugin:253 - Accepted Software Licenses: STM32CubeMX.6.11.0,STM32CubeMX.6.13.0
2025-03-23 22:34:51,211 [INFO] AnalyticsPlugin:255 - Accepted CMSIS Pack Licenses: 
2025-03-23 22:34:51,211 [INFO] AnalyticsPlugin:257 - Accepted Firmware Licenses: FW.F4.1.28.0
2025-03-23 22:34:51,213 [INFO] PluginManage:359 - Loaded plugin analytics (category:tool,tabindex:-1)
2025-03-23 22:34:51,214 [INFO] PluginManage:310 - Check plugin cadmodel
2025-03-23 22:34:51,231 [INFO] CADModel:105 - Init CAD model plugin
2025-03-23 22:34:51,231 [INFO] PluginManage:359 - Loaded plugin cadmodel (category:power,tabindex:5)
2025-03-23 22:34:51,231 [INFO] PluginManage:310 - Check plugin clock
2025-03-23 22:34:51,249 [INFO] PluginManage:359 - Loaded plugin clock (category:base,tabindex:2)
2025-03-23 22:34:51,249 [INFO] PluginManage:310 - Check plugin ddr
2025-03-23 22:34:51,251 [INFO] PluginManage:359 - Loaded plugin ddr (category:tool,tabindex:6)
2025-03-23 22:34:51,251 [INFO] PluginManage:310 - Check plugin filemanager
2025-03-23 22:34:51,360 [INFO] PluginManage:359 - Loaded plugin filemanager (category:base,tabindex:10)
2025-03-23 22:34:51,360 [INFO] PluginManage:310 - Check plugin ipmanager
2025-03-23 22:34:51,365 [INFO] PluginManage:359 - Loaded plugin ipmanager (category:base,tabindex:5)
2025-03-23 22:34:51,365 [INFO] PluginManage:310 - Check plugin lpbam
2025-03-23 22:34:51,381 [INFO] PluginManage:359 - Loaded plugin lpbam (category:base,tabindex:0)
2025-03-23 22:34:51,381 [INFO] PluginManage:310 - Check plugin memorymap
2025-03-23 22:34:51,400 [INFO] PluginManage:359 - Loaded plugin memorymap (category:base,tabindex:4)
2025-03-23 22:34:51,400 [INFO] PluginManage:310 - Check plugin pinoutandconfiguration
2025-03-23 22:34:51,416 [INFO] PluginManage:359 - Loaded plugin pinoutandconfiguration (category:base,tabindex:1)
2025-03-23 22:34:51,416 [INFO] PluginManage:310 - Check plugin pinoutconfig
2025-03-23 22:34:51,507 [WARN] SupportedApi:132 - Cannot load RTOS API schema: s4s-elt-must-match.1: The content of 'definitions' must match (annotation?, (simpleType | complexType)?, (unique | key | keyref)*)). A problem was found starting at: attribute.
2025-03-23 22:34:51,611 [INFO] PluginManage:359 - Loaded plugin pinoutconfig (category:base,tabindex:0)
2025-03-23 22:34:51,611 [INFO] PluginManage:310 - Check plugin power
2025-03-23 22:34:51,628 [INFO] PluginManage:359 - Loaded plugin power (category:power,tabindex:4)
2025-03-23 22:34:51,628 [INFO] PluginManage:310 - Check plugin projectmanager
2025-03-23 22:34:51,643 [INFO] PluginManage:359 - Loaded plugin projectmanager (category:projectmanager,tabindex:4)
2025-03-23 22:34:51,643 [INFO] PluginManage:310 - Check plugin rif
2025-03-23 22:34:51,657 [INFO] PluginManage:359 - Loaded plugin rif (category:base,tabindex:3)
2025-03-23 22:34:51,657 [INFO] PluginManage:310 - Check plugin thirdparty
2025-03-23 22:34:51,902 [INFO] PluginManage:359 - Loaded plugin thirdparty (category:base,tabindex:-1)
2025-03-23 22:34:51,902 [INFO] PluginManage:310 - Check plugin tools
2025-03-23 22:34:51,902 [WARN] IntegrityCheckThread:84 - waiting for thirdparty lock release [integrity check]
2025-03-23 22:34:51,902 [INFO] IntegrityCheckThread:86 - entering critical section [integrity check]
2025-03-23 22:34:51,902 [INFO] ThirdPartyUpdaterWithRetryManager:70 - Updater plugin not ready yet. [1/15]
2025-03-23 22:34:51,933 [INFO] PluginManage:359 - Loaded plugin tools (category:base,tabindex:7)
2025-03-23 22:34:51,933 [INFO] PluginManage:310 - Check plugin tutovideos
2025-03-23 22:34:52,103 [INFO] PluginManage:359 - Loaded plugin tutovideos (category:base,tabindex:-1)
2025-03-23 22:34:52,103 [INFO] PluginManage:310 - Check plugin updater
2025-03-23 22:34:52,116 [INFO] PluginManage:359 - Loaded plugin updater (category:base,tabindex:12)
2025-03-23 22:34:52,116 [INFO] PluginManage:310 - Check plugin userauth
2025-03-23 22:34:52,121 [INFO] UserAuth:113 - Init User Auth plugin
2025-03-23 22:34:52,121 [INFO] PluginManage:359 - Loaded plugin userauth (category:base,tabindex:14)
2025-03-23 22:34:52,122 [INFO] PluginManage:283 - PluginManage : Loaded plugins [18]
2025-03-23 22:34:52,289 [INFO] PinOutPanel:1561 - setPackage(No Configuration,No Configuration)
2025-03-23 22:34:52,356 [INFO] CADModel:165 - CPN selected for project level
2025-03-23 22:34:52,356 [INFO] CADModel:114 - Register for checkConnection events
2025-03-23 22:34:52,379 [INFO] IPUIPlugin:80 - create IPUIPlugin
2025-03-23 22:34:52,380 [INFO] PluginManager:220 - loadIPPluginJar : add adc
2025-03-23 22:34:52,413 [INFO] IPUIPlugin:80 - create IPUIPlugin
2025-03-23 22:34:52,413 [INFO] PluginManager:220 - loadIPPluginJar : add aes
2025-03-23 22:34:52,448 [INFO] IPUIPlugin:80 - create IPUIPlugin
2025-03-23 22:34:52,448 [INFO] PluginManager:220 - loadIPPluginJar : add can
2025-03-23 22:34:52,470 [INFO] IPUIPlugin:80 - create IPUIPlugin
2025-03-23 22:34:52,470 [INFO] PluginManager:220 - loadIPPluginJar : add comp
2025-03-23 22:34:52,503 [INFO] IPUIPlugin:80 - create IPUIPlugin
2025-03-23 22:34:52,503 [INFO] PluginManager:220 - loadIPPluginJar : add cryp
2025-03-23 22:34:52,515 [INFO] IPUIPlugin:80 - create IPUIPlugin
2025-03-23 22:34:52,515 [INFO] PluginManager:220 - loadIPPluginJar : add ddr_ctrl_phy
2025-03-23 22:34:52,543 [INFO] IPUIPlugin:80 - create IPUIPlugin
2025-03-23 22:34:52,543 [INFO] PluginManager:220 - loadIPPluginJar : add dfsdm
2025-03-23 22:34:52,556 [INFO] IPUIPlugin:80 - create IPUIPlugin
2025-03-23 22:34:52,556 [INFO] PluginManager:220 - loadIPPluginJar : add dma
2025-03-23 22:34:52,598 [INFO] IPUIPlugin:80 - create IPUIPlugin
2025-03-23 22:34:52,598 [INFO] PluginManager:220 - loadIPPluginJar : add dma3
2025-03-23 22:34:52,638 [INFO] IPUIPlugin:80 - create IPUIPlugin
2025-03-23 22:34:52,639 [INFO] PluginManager:220 - loadIPPluginJar : add extmemmanager
2025-03-23 22:34:52,658 [INFO] IPUIPlugin:80 - create IPUIPlugin
2025-03-23 22:34:52,658 [INFO] PluginManager:220 - loadIPPluginJar : add fatfs
2025-03-23 22:34:52,701 [INFO] IPUIPlugin:80 - create IPUIPlugin
2025-03-23 22:34:52,701 [INFO] PluginManager:220 - loadIPPluginJar : add fmc
2025-03-23 22:34:52,715 [INFO] IPUIPlugin:80 - create IPUIPlugin
2025-03-23 22:34:52,715 [INFO] PluginManager:220 - loadIPPluginJar : add freertos
2025-03-23 22:34:52,739 [INFO] IPUIPlugin:80 - create IPUIPlugin
2025-03-23 22:34:52,740 [INFO] PluginManager:220 - loadIPPluginJar : add genericplugin
2025-03-23 22:34:52,818 [INFO] IPUIPlugin:80 - create IPUIPlugin
2025-03-23 22:34:52,818 [INFO] PluginManager:220 - loadIPPluginJar : add gfxmmu
2025-03-23 22:34:52,951 [INFO] IPUIPlugin:80 - create IPUIPlugin
2025-03-23 22:34:52,951 [INFO] PluginManager:220 - loadIPPluginJar : add gic
2025-03-23 22:34:52,964 [INFO] IPUIPlugin:80 - create IPUIPlugin
2025-03-23 22:34:52,964 [INFO] PluginManager:220 - loadIPPluginJar : add gpio
2025-03-23 22:34:53,048 [INFO] IPUIPlugin:80 - create IPUIPlugin
2025-03-23 22:34:53,048 [INFO] PluginManager:220 - loadIPPluginJar : add gtzc
2025-03-23 22:34:53,079 [INFO] IPUIPlugin:80 - create IPUIPlugin
2025-03-23 22:34:53,080 [INFO] PluginManager:220 - loadIPPluginJar : add hash
2025-03-23 22:34:53,130 [INFO] IPUIPlugin:80 - create IPUIPlugin
2025-03-23 22:34:53,130 [INFO] PluginManager:220 - loadIPPluginJar : add i2c
2025-03-23 22:34:53,167 [INFO] IPUIPlugin:80 - create IPUIPlugin
2025-03-23 22:34:53,167 [INFO] PluginManager:220 - loadIPPluginJar : add i2s
2025-03-23 22:34:53,209 [INFO] IPUIPlugin:80 - create IPUIPlugin
2025-03-23 22:34:53,209 [INFO] PluginManager:220 - loadIPPluginJar : add i3c
2025-03-23 22:34:53,293 [INFO] IPUIPlugin:80 - create IPUIPlugin
2025-03-23 22:34:53,293 [INFO] PluginManager:220 - loadIPPluginJar : add ipddr
2025-03-23 22:34:53,375 [INFO] IPUIPlugin:80 - create IPUIPlugin
2025-03-23 22:34:53,375 [INFO] PluginManager:220 - loadIPPluginJar : add linkedlist
2025-03-23 22:34:53,407 [INFO] IPUIPlugin:80 - create IPUIPlugin
2025-03-23 22:34:53,407 [INFO] PluginManager:220 - loadIPPluginJar : add lorawan
2025-03-23 22:34:53,442 [INFO] IPUIPlugin:80 - create IPUIPlugin
2025-03-23 22:34:53,442 [INFO] PluginManager:220 - loadIPPluginJar : add ltdc
2025-03-23 22:34:53,455 [INFO] IPUIPlugin:80 - create IPUIPlugin
2025-03-23 22:34:53,455 [INFO] PluginManager:220 - loadIPPluginJar : add mdma
2025-03-23 22:34:53,467 [INFO] IPUIPlugin:80 - create IPUIPlugin
2025-03-23 22:34:53,467 [INFO] PluginManager:220 - loadIPPluginJar : add nvic
2025-03-23 22:34:53,507 [INFO] IPUIPlugin:80 - create IPUIPlugin
2025-03-23 22:34:53,507 [INFO] PluginManager:220 - loadIPPluginJar : add opamp
2025-03-23 22:34:53,567 [INFO] IPUIPlugin:80 - create IPUIPlugin
2025-03-23 22:34:53,567 [INFO] PluginManager:220 - loadIPPluginJar : add openamp
2025-03-23 22:34:53,611 [INFO] IPUIPlugin:80 - create IPUIPlugin
2025-03-23 22:34:53,612 [INFO] PluginManager:220 - loadIPPluginJar : add pdm2pcm
2025-03-23 22:34:53,625 [INFO] IPUIPlugin:80 - create IPUIPlugin
2025-03-23 22:34:53,627 [INFO] PluginManager:220 - loadIPPluginJar : add plateformsettings
2025-03-23 22:34:53,652 [INFO] IPUIPlugin:80 - create IPUIPlugin
2025-03-23 22:34:53,652 [INFO] PluginManager:220 - loadIPPluginJar : add quadspi
2025-03-23 22:34:53,679 [INFO] IPUIPlugin:80 - create IPUIPlugin
2025-03-23 22:34:53,680 [INFO] PluginManager:220 - loadIPPluginJar : add radio
2025-03-23 22:34:53,691 [INFO] IPUIPlugin:80 - create IPUIPlugin
2025-03-23 22:34:53,691 [INFO] PluginManager:220 - loadIPPluginJar : add resmgrutility
2025-03-23 22:34:53,730 [INFO] IPUIPlugin:80 - create IPUIPlugin
2025-03-23 22:34:53,730 [INFO] PluginManager:220 - loadIPPluginJar : add sai
2025-03-23 22:34:53,763 [INFO] IPUIPlugin:80 - create IPUIPlugin
2025-03-23 22:34:53,763 [INFO] PluginManager:220 - loadIPPluginJar : add spi
2025-03-23 22:34:53,818 [INFO] IPUIPlugin:80 - create IPUIPlugin
2025-03-23 22:34:53,818 [INFO] PluginManager:220 - loadIPPluginJar : add stm32_wpan
2025-03-23 22:34:53,839 [INFO] IPUIPlugin:80 - create IPUIPlugin
2025-03-23 22:34:53,839 [INFO] PluginManager:220 - loadIPPluginJar : add tim
2025-03-23 22:34:53,894 [INFO] IPUIPlugin:80 - create IPUIPlugin
2025-03-23 22:34:53,894 [INFO] PluginManager:220 - loadIPPluginJar : add touchsensing
2025-03-23 22:34:53,915 [INFO] IPUIPlugin:80 - create IPUIPlugin
2025-03-23 22:34:53,915 [INFO] PluginManager:220 - loadIPPluginJar : add tracer_emb
2025-03-23 22:34:53,940 [INFO] IPUIPlugin:80 - create IPUIPlugin
2025-03-23 22:34:53,940 [INFO] PluginManager:220 - loadIPPluginJar : add ts
2025-03-23 22:34:53,961 [INFO] IPUIPlugin:80 - create IPUIPlugin
2025-03-23 22:34:53,962 [INFO] PluginManager:220 - loadIPPluginJar : add tsc
2025-03-23 22:34:53,986 [INFO] IPUIPlugin:80 - create IPUIPlugin
2025-03-23 22:34:53,986 [INFO] PluginManager:220 - loadIPPluginJar : add ucpd
2025-03-23 22:34:54,026 [INFO] IPUIPlugin:80 - create IPUIPlugin
2025-03-23 22:34:54,026 [INFO] PluginManager:220 - loadIPPluginJar : add usart
2025-03-23 22:34:54,066 [INFO] IPUIPlugin:80 - create IPUIPlugin
2025-03-23 22:34:54,066 [INFO] PluginManager:220 - loadIPPluginJar : add usbx
2025-03-23 22:34:54,174 [INFO] CADModel:165 - CPN selected for project level
2025-03-23 22:34:54,174 [INFO] CADModel:114 - Register for checkConnection events
2025-03-23 22:34:54,175 [FATAL] Updater:334 - Updater called before beeing initialized
2025-03-23 22:34:54,175 [ERROR] CADModel:125 - Updater not yet initialized, retry later 
2025-03-23 22:34:54,273 [INFO] CADModel:165 - CPN selected for project level
2025-03-23 22:34:54,273 [INFO] CADModel:114 - Register for checkConnection events
2025-03-23 22:34:54,273 [FATAL] Updater:334 - Updater called before beeing initialized
2025-03-23 22:34:54,273 [ERROR] CADModel:125 - Updater not yet initialized, retry later 
2025-03-23 22:34:54,275 [FATAL] Updater:334 - Updater called before beeing initialized
2025-03-23 22:34:54,344 [FATAL] Updater:334 - Updater called before beeing initialized
2025-03-23 22:34:54,354 [INFO] DbMcusAds:53 - JSON generation date=Thu Mar 06 21:54:22 ICT 2025 (1741272862297)
2025-03-23 22:34:54,354 [FATAL] Updater:334 - Updater called before beeing initialized
2025-03-23 22:34:54,378 [WARN] DetailPanel:346 - Failed to get advertising image, set to default
2025-03-23 22:34:54,432 [FATAL] Updater:334 - Updater called before beeing initialized
2025-03-23 22:34:54,435 [FATAL] Updater:334 - Updater called before beeing initialized
2025-03-23 22:34:54,435 [FATAL] Updater:334 - Updater called before beeing initialized
2025-03-23 22:34:54,435 [WARN] DetailPanel:346 - Failed to get advertising image, set to default
2025-03-23 22:34:54,435 [FATAL] Updater:334 - Updater called before beeing initialized
2025-03-23 22:34:54,481 [ERROR] Updater:1164 - MainUpdater not yet initialized. External WinMGr cannot be set.
2025-03-23 22:34:54,492 [INFO] Updater:1100 - Updater Version found : 6.12.0
2025-03-23 22:34:54,510 [INFO] ApplicationProperties:184 - Using Application install path: C:\my app\STM32CubeIDE_1.16.0\STM32CubeIDE\plugins\com.st.stm32cube.common.mx_6.12.0.202406281431
2025-03-23 22:34:54,902 [INFO] ThirdPartyUpdaterWithRetryManager:70 - Updater plugin not ready yet. [2/15]
2025-03-23 22:34:56,107 [ERROR] LogOutputStream:75 - [STDERR_REDIRECT] Mar 23, 2025 10:34:56 PM java.util.prefs.WindowsPreferences <init>
2025-03-23 22:34:56,109 [ERROR] LogOutputStream:75 - [STDERR_REDIRECT] WARNING: Could not open/create prefs root node Software\JavaSoft\Prefs at root 0xffffffff80000002. Windows RegCreateKeyEx(...) returned error code 5.
2025-03-23 22:34:56,109 [ERROR] LogOutputStream:75 - [STDERR_REDIRECT] 
2025-03-23 22:34:56,377 [INFO] MainUpdater:2873 - connection check result : 10
2025-03-23 22:34:56,377 [INFO] MainUpdater:3567 - Updater definition file requires update
2025-03-23 22:34:56,378 [INFO] MainUpdater:290 - Updater Check For Update Now.
2025-03-23 22:34:56,378 [INFO] MicroXplorer:498 - Change Database Version : DB.6.0.120
2025-03-23 22:34:56,394 [INFO] McuFinderGlobals:63 - Set McuFinder mode to 2 (CubeIDE integrated)
2025-03-23 22:34:56,394 [INFO] ServerAccessManage:473 - Download File updaters.zip
2025-03-23 22:34:56,400 [INFO] UserAuth:417 - Internet connection configuration mode: 1
2025-03-23 22:34:56,432 [INFO] JxBrowserEngine:152 - Initiate JxBrowser Engine with user profile folder
2025-03-23 22:34:56,450 [INFO] FileExtend:240 - Unzip File : updaters.zip
2025-03-23 22:34:56,450 [INFO] FileExtend:255 - Standard Zip Deflate
2025-03-23 22:34:57,056 [INFO] ServerAccessManage:473 - Download File PacksControlFlags.xml
2025-03-23 22:34:57,130 [INFO] ServerAccessManage:473 - Download File cubemx.pidx
2025-03-23 22:34:57,903 [WARN] MainUpdater:1194 - Updater busy. Cannot search thirdparties
2025-03-23 22:34:57,903 [INFO] ThirdPartyUpdaterWithRetryManager:96 - Updater plugin is busy. [1/15]
2025-03-23 22:34:58,851 [INFO] ServerAccessManage:473 - Download File STMicroelectronics.X-CUBE-AZRTOS-H7RS.pdsc
2025-03-23 22:35:00,069 [INFO] WebApp:167 - Instantiating new browser for Auth
2025-03-23 22:35:00,464 [WARN] PackLoader:240 - Cannot read IP mode file for STMicroelectronics.X-CUBE-AZRTOS-H7RS.1.1.0
2025-03-23 22:35:00,469 [INFO] PopulateThirdPartyThread:66 - Ending populate Thread
2025-03-23 22:35:00,470 [INFO] ThirdParty:1030 - CMSIS Pack Vendor :STMicroelectronics X-CUBE-AZRTOS-H7RS 1.1.0
2025-03-23 22:35:00,470 [INFO] LoadServerUpdatesThread:375 - End of LoadServerUpdate Thread
2025-03-23 22:35:00,555 [INFO] CheckServerUpdateThread:120 - End of CheckServer Thread
2025-03-23 22:35:01,032 [WARN] PackLoader:240 - Cannot read IP mode file for STMicroelectronics.FP-SNS-MOTENVWB1.1.4.0
2025-03-23 22:35:01,038 [WARN] PackLoader:240 - Cannot read IP mode file for STMicroelectronics.FP-ATR-ASTRA1.2.0.2
2025-03-23 22:35:01,049 [WARN] PackLoader:240 - Cannot read IP mode file for STMicroelectronics.FP-ATR-ASTRA1.2.0.1
2025-03-23 22:35:01,061 [WARN] PackLoader:240 - Cannot read IP mode file for STMicroelectronics.X-CUBE-SMBUS.2.1.0
2025-03-23 22:35:01,074 [WARN] PackLoader:240 - Cannot read IP mode file for STMicroelectronics.X-CUBE-WB05N.1.1.0
2025-03-23 22:35:01,084 [WARN] PackLoader:240 - Cannot read IP mode file for STMicroelectronics.X-CUBE-TOUCHGFX.4.23.2
2025-03-23 22:35:01,105 [WARN] PackLoader:240 - Cannot read IP mode file for STMicroelectronics.X-CUBE-AZRTOS-F7.1.1.0
2025-03-23 22:35:01,149 [WARN] PackLoader:240 - Cannot read IP mode file for STMicroelectronics.X-CUBE-MEMS1.11.0.0
2025-03-23 22:35:01,251 [WARN] PackLoader:240 - Cannot read IP mode file for STMicroelectronics.FP-SNS-FLIGHT1.5.0.2
2025-03-23 22:35:01,268 [WARN] PackLoader:240 - Cannot read IP mode file for STMicroelectronics.X-CUBE-DISPLAY.3.0.0
2025-03-23 22:35:01,283 [WARN] PackLoader:240 - Cannot read IP mode file for STMicroelectronics.X-CUBE-BLE1.7.0.0
2025-03-23 22:35:01,295 [WARN] PackLoader:240 - Cannot read IP mode file for STMicroelectronics.X-CUBE-NFC10.1.0.0
2025-03-23 22:35:01,312 [WARN] PackLoader:240 - Cannot read IP mode file for STMicroelectronics.X-CUBE-BLEMGR.4.0.0
2025-03-23 22:35:01,328 [WARN] PackLoader:240 - Cannot read IP mode file for emotas.I-CUBE-CANOPEN.1.3.0
2025-03-23 22:35:01,350 [WARN] PackLoader:240 - Cannot read IP mode file for STMicroelectronics.X-CUBE-BLEMGR.3.1.0
2025-03-23 22:35:01,365 [WARN] PackLoader:240 - Cannot read IP mode file for STMicroelectronics.X-CUBE-AI.10.0.0
2025-03-23 22:35:01,380 [WARN] PackLoader:240 - Cannot read IP mode file for STMicroelectronics.FP-SNS-SMARTAG2.1.2.0
2025-03-23 22:35:01,384 [ERROR] Engine:466 - C:\Users\Admin\.stm32cubemx\thirdparties\pdsc\STMicroelectronics.FP-SNS-FLIGHT1.5.1.0.pdsc: PDSC version is not supported
2025-03-23 22:35:01,437 [WARN] PackLoader:240 - Cannot read IP mode file for STMicroelectronics.X-CUBE-MEMS1.11.1.0
2025-03-23 22:35:01,601 [INFO] LogOutputStream:77 - [STDOUT_REDIRECT] 1 : Invalid condition id : UX_CORESTACK_Condition cause : null
2025-03-23 22:35:01,602 [INFO] LogOutputStream:77 - [STDOUT_REDIRECT] 1 : Invalid condition id : UX_CORESTACK_Condition cause : null
2025-03-23 22:35:01,604 [INFO] LogOutputStream:77 - [STDOUT_REDIRECT] 1 : Invalid condition id : UX_CORESTACK_Condition cause : null
2025-03-23 22:35:01,604 [INFO] LogOutputStream:77 - [STDOUT_REDIRECT] 1 : Invalid condition id : UX_CORESTACK_Condition cause : null
2025-03-23 22:35:01,605 [INFO] LogOutputStream:77 - [STDOUT_REDIRECT] 1 : Invalid condition id : UX_CORESTACK_Condition cause : null
2025-03-23 22:35:01,609 [WARN] PackLoader:240 - Cannot read IP mode file for STMicroelectronics.X-CUBE-AZRTOS-WL.2.0.0
2025-03-23 22:35:01,628 [WARN] PackLoader:240 - Cannot read IP mode file for STMicroelectronics.FP-SNS-MOTENV1.5.0.0
2025-03-23 22:35:01,633 [INFO] WebApp:448 - Apply proxy settings
2025-03-23 22:35:01,633 [INFO] WebApp:533 - Chromium requires no authentication
2025-03-23 22:35:01,635 [WARN] PackLoader:240 - Cannot read IP mode file for wolfSSL.I-CUBE-wolfMQTT.1.19.0
2025-03-23 22:35:01,645 [INFO] WebApp:476 - Direct internet connection detected
2025-03-23 22:35:01,651 [WARN] PackLoader:240 - Cannot read IP mode file for WES.I-CUBE-Cesium.1.3.0
2025-03-23 22:35:01,666 [WARN] PackLoader:240 - Cannot read IP mode file for STMicroelectronics.X-CUBE-BLE2.3.3.0
2025-03-23 22:35:01,678 [INFO] WebApp:869 - Register for checkConnection events
2025-03-23 22:35:01,678 [INFO] WebApp:448 - Apply proxy settings
2025-03-23 22:35:01,678 [INFO] WebApp:533 - Chromium requires no authentication
2025-03-23 22:35:01,679 [INFO] WebApp:476 - Direct internet connection detected
2025-03-23 22:35:01,679 [WARN] PackLoader:240 - Cannot read IP mode file for STMicroelectronics.X-CUBE-NFC9.1.0.0
2025-03-23 22:35:01,695 [WARN] PackLoader:240 - Cannot read IP mode file for STMicroelectronics.X-CUBE-BLE1.7.1.0
2025-03-23 22:35:01,711 [WARN] PackLoader:240 - Cannot read IP mode file for STMicroelectronics.X-CUBE-TCPP.4.1.0
2025-03-23 22:35:01,728 [WARN] PackLoader:240 - Cannot read IP mode file for STMicroelectronics.X-CUBE-ALGOBUILD.1.3.0
2025-03-23 22:35:01,752 [WARN] PackLoader:240 - Cannot read IP mode file for STMicroelectronics.X-CUBE-AZRTOS-G0.1.1.0
2025-03-23 22:35:01,766 [WARN] PackLoader:240 - Cannot read IP mode file for STMicroelectronics.X-CUBE-SAFEA1.1.2.2
2025-03-23 22:35:01,779 [WARN] PackLoader:240 - Cannot read IP mode file for STMicroelectronics.X-CUBE-NFC4.3.0.0
2025-03-23 22:35:01,794 [WARN] PackLoader:240 - Cannot read IP mode file for EmbeddedOffice.I-CUBE-FS-RTOS.1.0.1
2025-03-23 22:35:01,795 [ERROR] ConditionMgr:805 - Attr not supported : Dmpu
2025-03-23 22:35:01,795 [ERROR] ConditionMgr:805 - Attr not supported : Dmpu
2025-03-23 22:35:01,795 [ERROR] ConditionMgr:805 - Attr not supported : Dmpu
2025-03-23 22:35:01,795 [ERROR] ConditionMgr:805 - Attr not supported : Dmpu
2025-03-23 22:35:01,795 [ERROR] ConditionMgr:805 - Attr not supported : Dmpu
2025-03-23 22:35:01,795 [ERROR] ConditionMgr:805 - Attr not supported : Dmpu
2025-03-23 22:35:01,795 [ERROR] ConditionMgr:805 - Attr not supported : Dmpu
2025-03-23 22:35:01,795 [ERROR] ConditionMgr:805 - Attr not supported : Dmpu
2025-03-23 22:35:01,795 [ERROR] ConditionMgr:805 - Attr not supported : Dmpu
2025-03-23 22:35:01,795 [ERROR] ConditionMgr:805 - Attr not supported : Dmpu
2025-03-23 22:35:01,795 [ERROR] ConditionMgr:805 - Attr not supported : Dmpu
2025-03-23 22:35:01,795 [ERROR] ConditionMgr:805 - Attr not supported : Dmpu
2025-03-23 22:35:01,795 [ERROR] ConditionMgr:805 - Attr not supported : Dmpu
2025-03-23 22:35:01,795 [ERROR] ConditionMgr:805 - Attr not supported : Dmpu
2025-03-23 22:35:01,795 [ERROR] ConditionMgr:805 - Attr not supported : Dmpu
2025-03-23 22:35:01,795 [ERROR] ConditionMgr:805 - Attr not supported : Dmpu
2025-03-23 22:35:01,795 [ERROR] ConditionMgr:805 - Attr not supported : Dmpu
2025-03-23 22:35:01,795 [ERROR] ConditionMgr:805 - Attr not supported : Dmpu
2025-03-23 22:35:01,795 [ERROR] ConditionMgr:805 - Attr not supported : Dmpu
2025-03-23 22:35:01,795 [ERROR] ConditionMgr:805 - Attr not supported : Dmpu
2025-03-23 22:35:01,795 [ERROR] ConditionMgr:805 - Attr not supported : Dmpu
2025-03-23 22:35:01,795 [ERROR] ConditionMgr:805 - Attr not supported : Dmpu
2025-03-23 22:35:01,795 [ERROR] ConditionMgr:805 - Attr not supported : Dmpu
2025-03-23 22:35:01,795 [ERROR] ConditionMgr:805 - Attr not supported : Dmpu
2025-03-23 22:35:01,795 [ERROR] ConditionMgr:805 - Attr not supported : Dmpu
2025-03-23 22:35:01,796 [ERROR] ConditionMgr:805 - Attr not supported : Dmpu
2025-03-23 22:35:01,796 [ERROR] ConditionMgr:805 - Attr not supported : Dmpu
2025-03-23 22:35:01,796 [ERROR] ConditionMgr:805 - Attr not supported : Dmpu
2025-03-23 22:35:01,796 [ERROR] ConditionMgr:805 - Attr not supported : Dmpu
2025-03-23 22:35:01,796 [ERROR] ConditionMgr:805 - Attr not supported : Dmpu
2025-03-23 22:35:01,796 [ERROR] ConditionMgr:805 - Attr not supported : Dmpu
2025-03-23 22:35:01,796 [ERROR] ConditionMgr:805 - Attr not supported : Dmpu
2025-03-23 22:35:01,796 [ERROR] ConditionMgr:805 - Attr not supported : Dmpu
2025-03-23 22:35:01,796 [ERROR] ConditionMgr:805 - Attr not supported : Dmpu
2025-03-23 22:35:01,796 [ERROR] ConditionMgr:805 - Attr not supported : Dmpu
2025-03-23 22:35:01,796 [ERROR] ConditionMgr:805 - Attr not supported : Dmpu
2025-03-23 22:35:01,796 [ERROR] ConditionMgr:805 - Attr not supported : Dmpu
2025-03-23 22:35:01,796 [ERROR] ConditionMgr:805 - Attr not supported : Dmpu
2025-03-23 22:35:01,796 [ERROR] ConditionMgr:805 - Attr not supported : Dmpu
2025-03-23 22:35:01,796 [ERROR] ConditionMgr:805 - Attr not supported : Dmpu
2025-03-23 22:35:01,796 [ERROR] ConditionMgr:805 - Attr not supported : Dmpu
2025-03-23 22:35:01,796 [ERROR] ConditionMgr:805 - Attr not supported : Dmpu
2025-03-23 22:35:01,796 [ERROR] ConditionMgr:805 - Attr not supported : Dmpu
2025-03-23 22:35:01,796 [ERROR] ConditionMgr:805 - Attr not supported : Dmpu
2025-03-23 22:35:01,796 [ERROR] ConditionMgr:805 - Attr not supported : Dmpu
2025-03-23 22:35:01,796 [ERROR] ConditionMgr:805 - Attr not supported : Dmpu
2025-03-23 22:35:01,796 [ERROR] ConditionMgr:805 - Attr not supported : Dmpu
2025-03-23 22:35:01,796 [ERROR] ConditionMgr:805 - Attr not supported : Dmpu
2025-03-23 22:35:01,796 [ERROR] ConditionMgr:805 - Attr not supported : Dmpu
2025-03-23 22:35:01,796 [ERROR] ConditionMgr:805 - Attr not supported : Dmpu
2025-03-23 22:35:01,796 [ERROR] ConditionMgr:805 - Attr not supported : Dmpu
2025-03-23 22:35:01,797 [ERROR] ConditionMgr:805 - Attr not supported : Dmpu
2025-03-23 22:35:01,797 [ERROR] ConditionMgr:805 - Attr not supported : Dmpu
2025-03-23 22:35:01,797 [ERROR] ConditionMgr:805 - Attr not supported : Dmpu
2025-03-23 22:35:01,797 [ERROR] ConditionMgr:805 - Attr not supported : Dmpu
2025-03-23 22:35:01,797 [ERROR] ConditionMgr:805 - Attr not supported : Dmpu
2025-03-23 22:35:01,797 [ERROR] ConditionMgr:805 - Attr not supported : Dmpu
2025-03-23 22:35:01,797 [ERROR] ConditionMgr:805 - Attr not supported : Dmpu
2025-03-23 22:35:01,797 [ERROR] ConditionMgr:805 - Attr not supported : Dmpu
2025-03-23 22:35:01,797 [ERROR] ConditionMgr:805 - Attr not supported : Dmpu
2025-03-23 22:35:01,797 [ERROR] ConditionMgr:805 - Attr not supported : Dmpu
2025-03-23 22:35:01,797 [ERROR] ConditionMgr:805 - Attr not supported : Dmpu
2025-03-23 22:35:01,797 [ERROR] ConditionMgr:805 - Attr not supported : Dmpu
2025-03-23 22:35:01,797 [ERROR] ConditionMgr:805 - Attr not supported : Dmpu
2025-03-23 22:35:01,810 [ERROR] Engine:466 - C:\Users\Admin\.stm32cubemx\thirdparties\pdsc\STMicroelectronics.X-CUBE-TCPP.4.2.0.pdsc: PDSC version is not supported
2025-03-23 22:35:01,822 [WARN] PackLoader:240 - Cannot read IP mode file for RealThread.X-CUBE-RT-Thread_Nano.4.1.1
2025-03-23 22:35:01,835 [WARN] PackLoader:240 - Cannot read IP mode file for wolfSSL.I-CUBE-wolfSSL.5.7.0
2025-03-23 22:35:01,840 [WARN] PackLoader:240 - Cannot read IP mode file for STMicroelectronics.FP-ATR-SIGFOX1.3.2.0
2025-03-23 22:35:01,845 [WARN] ConditionMgr:438 - getConditionDescription Invalid condition id : Cortex-A Device cause : null
2025-03-23 22:35:01,867 [WARN] ConditionMgr:1039 - genDependencies : Invalid condition id : Cortex-A Device cause : null
2025-03-23 22:35:01,867 [WARN] ConditionMgr:1039 - genDependencies : Invalid condition id : Cortex-A Device cause : null
2025-03-23 22:35:01,867 [WARN] ConditionMgr:1039 - genDependencies : Invalid condition id : Cortex-A Device cause : null
2025-03-23 22:35:01,883 [WARN] PackLoader:240 - Cannot read IP mode file for STMicroelectronics.X-CUBE-EEPRMA1.5.1.0
2025-03-23 22:35:01,897 [WARN] PackLoader:240 - Cannot read IP mode file for ITTIA_DB.I-CUBE-ITTIADB.8.9.0
2025-03-23 22:35:01,920 [INFO] WebApp:186 - Connection restablished
2025-03-23 22:35:01,935 [WARN] PackLoader:240 - Cannot read IP mode file for SEGGER.I-CUBE-embOS.1.3.1
2025-03-23 22:35:01,944 [INFO] WebApp:220 - Starting web application
2025-03-23 22:35:01,944 [INFO] WebApp:578 - Web application path used C:\my app\STM32CubeIDE_1.16.0\STM32CubeIDE\plugins\com.st.stm32cube.common.mx_6.12.0.202406281431\db\plugins\mcufinder\reactClient1\index.html
2025-03-23 22:35:01,972 [WARN] PackLoader:240 - Cannot read IP mode file for STMicroelectronics.X-CUBE-ALGOBUILD.1.4.0
2025-03-23 22:35:01,988 [WARN] PackLoader:240 - Cannot read IP mode file for STMicroelectronics.X-CUBE-AI.9.1.0
2025-03-23 22:35:02,012 [WARN] PackLoader:240 - Cannot read IP mode file for STMicroelectronics.X-CUBE-GNSS1.6.0.0
2025-03-23 22:35:02,041 [WARN] PackLoader:240 - Cannot read IP mode file for STMicroelectronics.X-CUBE-AZRTOS-F4.1.1.0
2025-03-23 22:35:02,060 [WARN] PackLoader:240 - Cannot read IP mode file for STMicroelectronics.X-CUBE-ISPU.2.1.0
2025-03-23 22:35:02,076 [WARN] PackLoader:240 - Cannot read IP mode file for STMicroelectronics.X-CUBE-FREERTOS.1.2.0
2025-03-23 22:35:02,120 [WARN] PackLoader:240 - Cannot read IP mode file for STMicroelectronics.X-CUBE-AZRTOS-L5.2.0.0
2025-03-23 22:35:02,146 [WARN] PackLoader:240 - Cannot read IP mode file for STMicroelectronics.X-CUBE-NFC6.3.1.0
2025-03-23 22:35:02,162 [WARN] PackLoader:240 - Cannot read IP mode file for STMicroelectronics.X-CUBE-DPower.1.2.0
2025-03-23 22:35:02,176 [WARN] PackLoader:240 - Cannot read IP mode file for STMicroelectronics.X-CUBE-AI.9.0.0
2025-03-23 22:35:02,190 [WARN] PackLoader:240 - Cannot read IP mode file for STMicroelectronics.X-CUBE-FREERTOS.1.3.0
2025-03-23 22:35:02,193 [INFO] UserAuth:417 - Internet connection configuration mode: 1
2025-03-23 22:35:02,207 [WARN] PackLoader:240 - Cannot read IP mode file for STMicroelectronics.X-CUBE-NFC7.1.0.1
2025-03-23 22:35:02,212 [WARN] PackLoader:240 - Cannot read IP mode file for wolfSSL.I-CUBE-wolfTPM.3.2.0
2025-03-23 22:35:02,252 [WARN] ConditionMgr:438 - getConditionDescription Invalid condition id : LAN8742 Phy interface Condition cause : null
2025-03-23 22:35:02,253 [WARN] PackLoader:240 - Cannot read IP mode file for STMicroelectronics.X-CUBE-AZRTOS-L4.2.0.0
2025-03-23 22:35:02,254 [WARN] ConditionMgr:1039 - genDependencies : Invalid condition id : LAN8742 Phy interface Condition cause : null
2025-03-23 22:35:02,254 [WARN] ConditionMgr:1039 - genDependencies : Invalid condition id : LAN8742 Phy interface Condition cause : null
2025-03-23 22:35:02,254 [WARN] ConditionMgr:1039 - genDependencies : Invalid condition id : LAN8742 Phy interface Condition cause : null
2025-03-23 22:35:02,272 [WARN] PackLoader:240 - Cannot read IP mode file for STMicroelectronics.X-CUBE-SFXS2LP1.4.0.0
2025-03-23 22:35:02,339 [WARN] PackLoader:240 - Cannot read IP mode file for STMicroelectronics.X-CUBE-AZRTOS-H7.3.3.0
2025-03-23 22:35:02,365 [WARN] PackLoader:240 - Cannot read IP mode file for STMicroelectronics.X-CUBE-IPS.3.0.0
2025-03-23 22:35:02,385 [WARN] ConditionMgr:438 - getConditionDescription Invalid condition id : UX DEVICE CLASS RTOS Condition cause : null
2025-03-23 22:35:02,386 [WARN] ConditionMgr:438 - getConditionDescription Invalid condition id : UX DEVICE CLASS RTOS Condition cause : null
2025-03-23 22:35:02,386 [WARN] PackLoader:240 - Cannot read IP mode file for STMicroelectronics.X-CUBE-AZRTOS-WB.2.0.0
2025-03-23 22:35:02,387 [WARN] ConditionMgr:1039 - genDependencies : Invalid condition id : UX DEVICE CLASS RTOS Condition cause : null
2025-03-23 22:35:02,387 [WARN] ConditionMgr:1039 - genDependencies : Invalid condition id : UX DEVICE CLASS RTOS Condition cause : null
2025-03-23 22:35:02,387 [WARN] ConditionMgr:1039 - genDependencies : Invalid condition id : UX DEVICE CLASS RTOS Condition cause : null
2025-03-23 22:35:02,387 [WARN] ConditionMgr:1039 - genDependencies : Invalid condition id : UX DEVICE CLASS RTOS Condition cause : null
2025-03-23 22:35:02,387 [WARN] ConditionMgr:1039 - genDependencies : Invalid condition id : UX DEVICE CLASS RTOS Condition cause : null
2025-03-23 22:35:02,407 [WARN] PackLoader:240 - Cannot read IP mode file for STMicroelectronics.X-CUBE-GNSS1.7.0.0
2025-03-23 22:35:02,423 [WARN] PackLoader:240 - Cannot read IP mode file for STMicroelectronics.X-CUBE-GNSS1.7.0.1
2025-03-23 22:35:02,438 [WARN] PackLoader:240 - Cannot read IP mode file for STMicroelectronics.X-CUBE-TOUCHGFX.4.25.0
2025-03-23 22:35:02,452 [WARN] PackLoader:240 - Cannot read IP mode file for STMicroelectronics.FP-SNS-STBOX1.2.0.0
2025-03-23 22:35:02,473 [WARN] PackLoader:240 - Cannot read IP mode file for STMicroelectronics.X-CUBE-SUBG2.5.0.0
2025-03-23 22:35:02,486 [WARN] PackLoader:240 - Cannot read IP mode file for STMicroelectronics.X-CUBE-AZRTOS-H7RS.1.1.0
2025-03-23 22:35:02,493 [WARN] PackLoader:240 - Cannot read IP mode file for Cesanta.I-CUBE-Mongoose.7.13.0
2025-03-23 22:35:02,517 [WARN] PackLoader:240 - Cannot read IP mode file for STMicroelectronics.X-CUBE-AZRTOS-G4.2.0.0
2025-03-23 22:35:02,534 [WARN] PackLoader:240 - Cannot read IP mode file for STMicroelectronics.X-CUBE-ISPU.2.0.0
2025-03-23 22:35:02,549 [ERROR] Engine:466 - C:\Users\Admin\.stm32cubemx\thirdparties\pdsc\STMicroelectronics.X-CUBE-IPS.3.1.0.pdsc: PDSC version is not supported
2025-03-23 22:35:02,563 [WARN] PackLoader:240 - Cannot read IP mode file for STMicroelectronics.X-CUBE-ALS.1.0.2
2025-03-23 22:35:02,601 [WARN] PackLoader:240 - Cannot read IP mode file for STMicroelectronics.X-CUBE-MEMS1.10.0.0
2025-03-23 22:35:02,675 [WARN] PackLoader:240 - Cannot read IP mode file for STMicroelectronics.X-CUBE-FREERTOS.1.1.0
2025-03-23 22:35:02,687 [WARN] PackLoader:240 - Cannot read IP mode file for STMicroelectronics.X-CUBE-TOUCHGFX.4.24.0
2025-03-23 22:35:02,701 [WARN] PackLoader:240 - Cannot read IP mode file for STMicroelectronics.X-CUBE-TOUCHGFX.4.24.2
2025-03-23 22:35:02,715 [WARN] PackLoader:240 - Cannot read IP mode file for STMicroelectronics.X-CUBE-TOUCHGFX.4.24.1
2025-03-23 22:35:02,730 [WARN] PackLoader:240 - Cannot read IP mode file for portGmbH.I-Cube-SoM-uGOAL.1.1.0
2025-03-23 22:35:02,742 [WARN] PackLoader:240 - Cannot read IP mode file for STMicroelectronics.X-CUBE-ALS.1.0.1
2025-03-23 22:35:02,767 [WARN] PackLoader:240 - Cannot read IP mode file for STMicroelectronics.X-CUBE-AZRTOS-H7RS.1.0.0
2025-03-23 22:35:02,780 [WARN] PackLoader:240 - Cannot read IP mode file for STMicroelectronics.FP-ATR-ASTRA1.2.0.0
2025-03-23 22:35:02,797 [WARN] PackLoader:240 - Cannot read IP mode file for STMicroelectronics.X-CUBE-TOF1.3.4.2
2025-03-23 22:35:02,817 [WARN] PackLoader:240 - Cannot read IP mode file for STMicroelectronics.X-CUBE-TOF1.3.4.1
2025-03-23 22:35:02,846 [WARN] PackLoader:240 - Cannot read IP mode file for STMicroelectronics.X-CUBE-AZRTOS-H7.3.2.0
2025-03-23 22:35:02,864 [WARN] PackLoader:240 - Cannot read IP mode file for Infineon.AIROC-Wi-Fi-Bluetooth-STM32.1.6.0
2025-03-23 22:35:02,871 [WARN] PackLoader:240 - Cannot read IP mode file for wolfSSL.I-CUBE-wolfSSH.1.4.17
2025-03-23 22:35:02,872 [INFO] ThirdParty:978 - Integrity check success = true
2025-03-23 22:35:02,872 [INFO] IntegrityCheckThread:100 - exiting critical section [integrity check]
2025-03-23 22:35:02,872 [INFO] IntegrityCheckThread:103 - End integrity checks thread
2025-03-23 22:40:17,269 [ERROR] LogOutputStream:75 - [STDERR_REDIRECT] 
2025-03-23 22:40:17,271 [ERROR] LogOutputStream:75 - [STDERR_REDIRECT] 
